#
# A fatal error has been detected by the Java Runtime Environment:
#
#  EXCEPTION_ACCESS_VIOLATION (0xc0000005) at pc=0x00007ff97ad3b386, pid=12820, tid=15420
#
# JRE version: Java(TM) SE Runtime Environment (21.0.2+13) (build 21.0.2+13-LTS-58)
# Java VM: Java HotSpot(TM) 64-Bit Server VM (21.0.2+13-LTS-58, mixed mode, sharing, tiered, compressed oops, compressed class ptrs, g1 gc, windows-amd64)
# Problematic frame:
# C  [igxelpicd64.dll+0x23b386]
#
# No core dump will be written. Minidumps are not enabled by default on client versions of Windows
#
# If you would like to submit a bug report, please visit:
#   https://bugreport.java.com/bugreport/crash.jsp
#

---------------  S U M M A R Y ------------

Command Line: -Dfile.encoding=UTF-8 -Djava.library.path=natives --enable-preview --module-path=C:\Users\Carlos\Documents\NetBeansProjects\SimuladorProcessing\build\classes Main.Launcher

Host: 11th Gen Intel(R) Core(TM) i7-11800H @ 2.30GHz, 16 cores, 7G,  Windows 11 , 64 bit Build 22621 (10.0.22621.3235)
Time: Fri Mar  8 19:27:35 2024 Hora estándar romance elapsed time: 17.985142 seconds (0d 0h 0m 17s)

---------------  T H R E A D  ---------------

Current thread (0x00000111e96fd850):  VMThread "VM Thread"          [id=15420, stack(0x0000001190800000,0x0000001190900000) (1024K)]

Stack: [0x0000001190800000,0x0000001190900000],  sp=0x00000011908fe710,  free space=1017k
Native frames: (J=compiled Java code, j=interpreted, Vv=VM code, C=native code)
C  [igxelpicd64.dll+0x23b386]


siginfo: EXCEPTION_ACCESS_VIOLATION (0xc0000005), reading address 0x0000000000035468


Registers:
RAX=0x00000111f949e670, RBX=0x00000111ee373740, RCX=0x0000000000000004, RDX=0x0000000000000000
RSP=0x00000011908fe710, RBP=0x0000000000000000, RSI=0x00000111f949e470, RDI=0x00000111e9a63950
R8 =0x00000111f949e570, R9 =0x0000000000000000, R10=0x0000000000000000, R11=0x0000000000000246
R12=0x00000111f949e470, R13=0x0000000000000000, R14=0x00000111f949e9b8, R15=0x00000111f8de1cb0
RIP=0x00007ff97ad3b386, EFLAGS=0x0000000000010202


Register to memory mapping:

RAX=0x00000111f949e670 points into unknown readable memory: 0x0000000000221d8a | 8a 1d 22 00 00 00 00 00
RBX=0x00000111ee373740 points into unknown readable memory: 0xffffffffffffffff | ff ff ff ff ff ff ff ff
RCX=0x0000000000000004 is an unknown value
RDX=0x0 is null
RSP=0x00000011908fe710 points into unknown readable memory: 0x00000111ee373740 | 40 37 37 ee 11 01 00 00
RBP=0x0 is null
RSI=0x00000111f949e470 points into unknown readable memory: 0x00000111ee3138c0 | c0 38 31 ee 11 01 00 00
RDI=0x00000111e9a63950 points into unknown readable memory: 0x0000000000000000 | 00 00 00 00 00 00 00 00
R8 =0x00000111f949e570 points into unknown readable memory: 0x0000000000000000 | 00 00 00 00 00 00 00 00
R9 =0x0 is null
R10=0x0 is null
R11=0x0000000000000246 is an unknown value
R12=0x00000111f949e470 points into unknown readable memory: 0x00000111ee3138c0 | c0 38 31 ee 11 01 00 00
R13=0x0 is null
R14=0x00000111f949e9b8 points into unknown readable memory: 0x00000111f8de1cb0 | b0 1c de f8 11 01 00 00
R15=0x00000111f8de1cb0 points into unknown readable memory: 0x00000111ee3138c0 | c0 38 31 ee 11 01 00 00

Top of Stack: (sp=0x00000011908fe710)
0x00000011908fe710:   00000111ee373740 00007ff97ab70ab4
0x00000011908fe720:   0000000000000000 00000111f8d89de0
0x00000011908fe730:   0000001600000000 0000000000000000
0x00000011908fe740:   0000011100000000 00000111f8d85fc0
0x00000011908fe750:   00000111ee373740 00000111f8d49a40
0x00000011908fe760:   00000111f194015c 00000111f1640000
0x00000011908fe770:   0060f18301c53a83 00000111f8d8a3e0
0x00000011908fe780:   021ee18401ba8084 00008004195df000
0x00000011908fe790:   029c4d85021b3185 0241e38500ae5085
0x00000011908fe7a0:   01067b8600000000 02b4a6860228a186
0x00000011908fe7b0:   022f658701b6ec86 0214d58702327b87
0x00000011908fe7c0:   0238fc870125f087 02c22c8801fd1288
0x00000011908fe7d0:   02c5188902dc0289 02a3478902832f89
0x00000011908fe7e0:   0000000000000000 0000000000000000
0x00000011908fe7f0:   02a2880000000000 00007ff9e3053244
0x00000011908fe800:   0000000000000000 0000000000000000
0x00000011908fe810:   00000011908fe9b0 00007ff9e26841a9
0x00000011908fe820:   00000011908fe8a8 0000000000000000
0x00000011908fe830:   0000000000000054 0000000000000000
0x00000011908fe840:   0000000000000000 00007ff9e30533b4
0x00000011908fe850:   000000007a000004 001659920292e391
0x00000011908fe860:   0000ad0b2a80bdbf 001040007a000004
0x00000011908fe870:   00000111f8d7e678 000000000022256a
0x00000011908fe880:   0000000000000000 0000000000000014
0x00000011908fe890:   0000000000000000 0000000000000000
0x00000011908fe8a0:   00000011908fe9b0 00007ff97ad682ae
0x00000011908fe8b0:   00000111e9a63950 0000000000000000
0x00000011908fe8c0:   00000111e9a63950 000010027a000004
0x00000011908fe8d0:   0000001100000820 0000b802011e0000
0x00000011908fe8e0:   0000000000000000 020ec89a0254649a
0x00000011908fe8f0:   0000000000000000 000010027a000004
0x00000011908fe900:   00a8e09c02e3a79c 0000000000000000 

Instructions: (pc=0x00007ff97ad3b386)
0x00007ff97ad3b286:   00 90 4c 8b bf 80 02 00 00 48 8b 05 9a 85 bd 00
0x00007ff97ad3b296:   8b 80 c8 0a 00 00 89 44 24 24 c6 44 24 20 00 48
0x00007ff97ad3b2a6:   c7 87 80 02 00 00 00 00 00 00 c7 87 88 02 00 00
0x00007ff97ad3b2b6:   00 00 00 00 48 c7 87 a0 02 00 00 00 00 00 00 48
0x00007ff97ad3b2c6:   c7 87 90 02 00 00 00 00 00 00 48 85 ed 75 3d 8b
0x00007ff97ad3b2d6:   35 0d 77 cd 00 65 48 8b 04 25 58 00 00 00 b9 14
0x00007ff97ad3b2e6:   00 00 00 48 8b 04 f0 40 38 2c 01 0f 84 c9 e7 75
0x00007ff97ad3b2f6:   00 65 48 8b 04 25 58 00 00 00 bd 20 00 00 00 48
0x00007ff97ad3b306:   8b 04 f0 48 8b 2c 28 48 89 6c 24 28 48 3b 2d 07
0x00007ff97ad3b316:   9b cd 00 0f 84 9b 10 00 00 4d 85 ff 0f 84 3a 01
0x00007ff97ad3b326:   00 00 0f 1f 84 00 00 00 00 00 49 8b f7 4d 8b e7
0x00007ff97ad3b336:   4d 8d b7 48 05 00 00 4d 8b 3e 45 84 ed 0f 85 d9
0x00007ff97ad3b346:   0e 00 00 8b 8f d0 01 00 00 48 8b 05 da 84 bd 00
0x00007ff97ad3b356:   83 b8 64 03 00 00 02 75 34 4d 8d 84 24 00 01 00
0x00007ff97ad3b366:   00 83 f9 10 0f 83 3a 01 00 00 8b c1 48 c1 e0 06
0x00007ff97ad3b376:   49 03 c0 48 85 c0 0f 84 9b 01 00 00 48 8b 50 08
0x00007ff97ad3b386:   48 3b 95 68 54 03 00 0f 87 b6 0e 00 00 48 83 be
0x00007ff97ad3b396:   c0 05 00 00 00 0f 85 50 e7 75 00 44 8b 8f d0 01
0x00007ff97ad3b3a6:   00 00 48 8b 87 e8 01 00 00 4c 8b 00 8b 8f d0 01
0x00007ff97ad3b3b6:   00 00 48 8d 9e 00 01 00 00 83 f9 10 0f 83 1e 01
0x00007ff97ad3b3c6:   00 00 8b c1 48 c1 e0 06 48 03 c3 48 85 c0 0f 84
0x00007ff97ad3b3d6:   4a 01 00 00 4c 39 40 08 0f 86 40 01 00 00 48 8b
0x00007ff97ad3b3e6:   87 80 02 00 00 49 89 06 48 89 b7 80 02 00 00 ff
0x00007ff97ad3b3f6:   87 88 02 00 00 48 8b 4e 08 48 8b 01 ba 01 00 00
0x00007ff97ad3b406:   00 48 8b 80 e0 02 00 00 ff 15 f4 c1 88 00 0f b7
0x00007ff97ad3b416:   c8 48 2b c1 48 05 00 00 01 00 48 01 87 90 02 00
0x00007ff97ad3b426:   00 48 8b 4e 08 48 8b 01 ba 01 00 00 00 48 8b 80
0x00007ff97ad3b436:   e0 02 00 00 ff 15 c8 c1 88 00 48 01 87 a0 02 00
0x00007ff97ad3b446:   00 0f b6 54 24 20 4d 85 ff 0f 85 db fe ff ff 84
0x00007ff97ad3b456:   d2 0f 85 37 0f 00 00 48 8b 5c 24 40 48 8b cf 80
0x00007ff97ad3b466:   7c 24 22 00 0f 85 40 0f 00 00 e8 3b f9 ff ff 90
0x00007ff97ad3b476:   48 8b cb ff 15 99 bc 88 00 48 8b 8c 24 50 01 00 


Stack slot to memory mapping:

stack at sp + 0 slots: 0x00000111ee373740 points into unknown readable memory: 0xffffffffffffffff | ff ff ff ff ff ff ff ff
stack at sp + 1 slots: 0x00007ff97ab70ab4 igxelpicd64.dll
stack at sp + 2 slots: 0x0 is null
stack at sp + 3 slots: 0x00000111f8d89de0 points into unknown readable memory: 0x0000000000001621 | 21 16 00 00 00 00 00 00
stack at sp + 4 slots: 0x0000001600000000 is an unknown value
stack at sp + 5 slots: 0x0 is null
stack at sp + 6 slots: 0x0000011100000000 is an unknown value
stack at sp + 7 slots: 0x00000111f8d85fc0 points into unknown readable memory: 0x00000111f8d85fd0 | d0 5f d8 f8 11 01 00 00

VM_Operation (0x0000001191afeaa0): Exit, mode: safepoint, requested by thread 0x00000111f54d8c50


---------------  P R O C E S S  ---------------

Threads class SMR info:
_java_thread_list=0x00000111f906a2f0, length=15, elements={
0x00000111e9721030, 0x00000111e9721f50, 0x00000111e9728f50, 0x00000111e972b460,
0x00000111e972dfd0, 0x00000111e972ea30, 0x00000111e9732cc0, 0x00000111e9733b70,
0x00000111e9968e00, 0x00000111e9a68c60, 0x00000111ee03fff0, 0x00000111ee74a470,
0x00000111ca14a460, 0x00000111f54d8c50, 0x00000111f90a1d70
}

Java Threads: ( => current thread )
  0x00000111e9721030 JavaThread "Reference Handler"          daemon [_thread_blocked, id=11584, stack(0x0000001190900000,0x0000001190a00000) (1024K)]
  0x00000111e9721f50 JavaThread "Finalizer"                  daemon [_thread_blocked, id=11552, stack(0x0000001190a00000,0x0000001190b00000) (1024K)]
  0x00000111e9728f50 JavaThread "Signal Dispatcher"          daemon [_thread_blocked, id=1384, stack(0x0000001190b00000,0x0000001190c00000) (1024K)]
  0x00000111e972b460 JavaThread "Attach Listener"            daemon [_thread_blocked, id=6668, stack(0x0000001190c00000,0x0000001190d00000) (1024K)]
  0x00000111e972dfd0 JavaThread "Service Thread"             daemon [_thread_blocked, id=3476, stack(0x0000001190d00000,0x0000001190e00000) (1024K)]
  0x00000111e972ea30 JavaThread "Monitor Deflation Thread"   daemon [_thread_blocked, id=15900, stack(0x0000001190e00000,0x0000001190f00000) (1024K)]
  0x00000111e9732cc0 JavaThread "C2 CompilerThread0"         daemon [_thread_blocked, id=6120, stack(0x0000001190f00000,0x0000001191000000) (1024K)]
  0x00000111e9733b70 JavaThread "C1 CompilerThread0"         daemon [_thread_blocked, id=10984, stack(0x0000001191000000,0x0000001191100000) (1024K)]
  0x00000111e9968e00 JavaThread "Common-Cleaner"             daemon [_thread_blocked, id=11800, stack(0x0000001191200000,0x0000001191300000) (1024K)]
  0x00000111e9a68c60 JavaThread "Notification Thread"        daemon [_thread_blocked, id=6260, stack(0x0000001191700000,0x0000001191800000) (1024K)]
  0x00000111ee03fff0 JavaThread "Java2D Disposer"            daemon [_thread_blocked, id=3148, stack(0x0000001191600000,0x0000001191700000) (1024K)]
  0x00000111ee74a470 JavaThread "HighResTimerThread"         daemon [_thread_blocked, id=11724, stack(0x0000001192600000,0x0000001192700000) (1024K)]
  0x00000111ca14a460 JavaThread "DestroyJavaVM"                     [_thread_blocked, id=1504, stack(0x0000001190100000,0x0000001190200000) (1024K)]
  0x00000111f54d8c50 JavaThread "main-FPSAWTAnimator#00-Timer0-FPSAWTAnimator#00-Timer1"        [_thread_blocked, id=10996, stack(0x0000001191a00000,0x0000001191b00000) (1024K)]
  0x00000111f90a1d70 JavaThread "AWT-Shutdown"                      [_thread_blocked, id=4956, stack(0x0000001192c00000,0x0000001192d00000) (1024K)]
Total: 15

Other Threads:
=>0x00000111e96fd850 VMThread "VM Thread"                           [id=15420, stack(0x0000001190800000,0x0000001190900000) (1024K)]
  0x00000111ca3eb320 WorkerThread "GC Thread#0"                     [id=2228, stack(0x0000001190200000,0x0000001190300000) (1024K)]
  0x00000111f4960cb0 WorkerThread "GC Thread#1"                     [id=4108, stack(0x0000001191e00000,0x0000001191f00000) (1024K)]
  0x00000111f4961050 WorkerThread "GC Thread#2"                     [id=9212, stack(0x0000001191f00000,0x0000001192000000) (1024K)]
  0x00000111f49613f0 WorkerThread "GC Thread#3"                     [id=3820, stack(0x0000001192000000,0x0000001192100000) (1024K)]
  0x00000111f4961ba0 WorkerThread "GC Thread#4"                     [id=6608, stack(0x0000001192100000,0x0000001192200000) (1024K)]
  0x00000111f4961f40 WorkerThread "GC Thread#5"                     [id=4212, stack(0x0000001192200000,0x0000001192300000) (1024K)]
  0x00000111f498c7a0 WorkerThread "GC Thread#6"                     [id=15884, stack(0x0000001192300000,0x0000001192400000) (1024K)]
  0x00000111f498cb40 WorkerThread "GC Thread#7"                     [id=15932, stack(0x0000001192400000,0x0000001192500000) (1024K)]
  0x00000111f498cee0 WorkerThread "GC Thread#8"                     [id=16712, stack(0x0000001192500000,0x0000001192600000) (1024K)]
  0x00000111ca3fc3d0 ConcurrentGCThread "G1 Main Marker"            terminated
  0x00000111ca3fd080 WorkerThread "G1 Conc#0"                       [id=16008, stack(0x0000001190400000,0x0000001190500000) (1024K)]
  0x00000111e95b7510 ConcurrentGCThread "G1 Refine#0"               terminated
  0x00000111e95b7e90 ConcurrentGCThread "G1 Service"                terminated
Total: 14

Threads with active compile tasks:
Total: 0

VM state: at safepoint (shutting down)

VM Mutex/Monitor currently owned by a thread:  ([mutex/lock_event])
[0x00007ff998c4cd68] Threads_lock - owner thread: 0x00000111e96fd850
[0x00007ff998c4ce68] Heap_lock - owner thread: 0x00000111f54d8c50

Heap address: 0x0000000083a00000, size: 1990 MB, Compressed Oops mode: 32-bit

CDS archive(s) mapped at: [0x0000011180000000-0x0000011180c90000-0x0000011180c90000), size 13172736, SharedBaseAddress: 0x0000011180000000, ArchiveRelocationMode: 1.
Compressed class space mapped at: 0x0000011181000000-0x00000111c1000000, reserved size: 1073741824
Narrow klass base: 0x0000011180000000, Narrow klass shift: 0, Narrow klass range: 0x100000000

GC Precious Log:
 CardTable entry size: 512
 Card Set container configuration: InlinePtr #cards 5 size 8 Array Of Cards #cards 12 size 40 Howl #buckets 4 coarsen threshold 1843 Howl Bitmap #cards 512 size 80 coarsen threshold 460 Card regions per heap region 1 cards per card region 2048
 CPUs: 16 total, 16 available
 Memory: 7955M
 Large Page Support: Disabled
 NUMA Support: Disabled
 Compressed Oops: Enabled (32-bit)
 Heap Region Size: 1M
 Heap Min Capacity: 8M
 Heap Initial Capacity: 126M
 Heap Max Capacity: 1990M
 Pre-touch: Disabled
 Parallel Workers: 13
 Concurrent Workers: 3
 Concurrent Refinement Workers: 13
 Periodic GC: Disabled

Heap:
 garbage-first heap   total 129024K, used 35942K [0x0000000083a00000, 0x0000000100000000)
  region size 1024K, 35 young (35840K), 3 survivors (3072K)
 Metaspace       used 16871K, committed 17088K, reserved 1114112K
  class space    used 1250K, committed 1344K, reserved 1048576K

Heap Regions: E=young(eden), S=young(survivor), O=old, HS=humongous(starts), HC=humongous(continues), CS=collection set, F=free, TAMS=top-at-mark-start, PB=parsable bottom
|   0|0x0000000083a00000, 0x0000000083a00000, 0x0000000083b00000|  0%| F|  |TAMS 0x0000000083a00000| PB 0x0000000083a00000| Untracked 
|   1|0x0000000083b00000, 0x0000000083b19aa0, 0x0000000083c00000| 10%| O|  |TAMS 0x0000000083b00000| PB 0x0000000083b00000| Untracked 
|   2|0x0000000083c00000, 0x0000000083d00000, 0x0000000083d00000|100%|HS|  |TAMS 0x0000000083c00000| PB 0x0000000083c00000| Complete 
|   3|0x0000000083d00000, 0x0000000083e00000, 0x0000000083e00000|100%|HC|  |TAMS 0x0000000083d00000| PB 0x0000000083d00000| Complete 
|   4|0x0000000083e00000, 0x0000000083e00000, 0x0000000083f00000|  0%| F|  |TAMS 0x0000000083e00000| PB 0x0000000083e00000| Untracked 
|   5|0x0000000083f00000, 0x0000000083f00000, 0x0000000084000000|  0%| F|  |TAMS 0x0000000083f00000| PB 0x0000000083f00000| Untracked 
|   6|0x0000000084000000, 0x0000000084000000, 0x0000000084100000|  0%| F|  |TAMS 0x0000000084000000| PB 0x0000000084000000| Untracked 
|   7|0x0000000084100000, 0x0000000084100000, 0x0000000084200000|  0%| F|  |TAMS 0x0000000084100000| PB 0x0000000084100000| Untracked 
|   8|0x0000000084200000, 0x0000000084200000, 0x0000000084300000|  0%| F|  |TAMS 0x0000000084200000| PB 0x0000000084200000| Untracked 
|   9|0x0000000084300000, 0x0000000084300000, 0x0000000084400000|  0%| F|  |TAMS 0x0000000084300000| PB 0x0000000084300000| Untracked 
|  10|0x0000000084400000, 0x0000000084400000, 0x0000000084500000|  0%| F|  |TAMS 0x0000000084400000| PB 0x0000000084400000| Untracked 
|  11|0x0000000084500000, 0x0000000084500000, 0x0000000084600000|  0%| F|  |TAMS 0x0000000084500000| PB 0x0000000084500000| Untracked 
|  12|0x0000000084600000, 0x0000000084600000, 0x0000000084700000|  0%| F|  |TAMS 0x0000000084600000| PB 0x0000000084600000| Untracked 
|  13|0x0000000084700000, 0x0000000084700000, 0x0000000084800000|  0%| F|  |TAMS 0x0000000084700000| PB 0x0000000084700000| Untracked 
|  14|0x0000000084800000, 0x0000000084800000, 0x0000000084900000|  0%| F|  |TAMS 0x0000000084800000| PB 0x0000000084800000| Untracked 
|  15|0x0000000084900000, 0x0000000084900000, 0x0000000084a00000|  0%| F|  |TAMS 0x0000000084900000| PB 0x0000000084900000| Untracked 
|  16|0x0000000084a00000, 0x0000000084a00000, 0x0000000084b00000|  0%| F|  |TAMS 0x0000000084a00000| PB 0x0000000084a00000| Untracked 
|  17|0x0000000084b00000, 0x0000000084b00000, 0x0000000084c00000|  0%| F|  |TAMS 0x0000000084b00000| PB 0x0000000084b00000| Untracked 
|  18|0x0000000084c00000, 0x0000000084c00000, 0x0000000084d00000|  0%| F|  |TAMS 0x0000000084c00000| PB 0x0000000084c00000| Untracked 
|  19|0x0000000084d00000, 0x0000000084d00000, 0x0000000084e00000|  0%| F|  |TAMS 0x0000000084d00000| PB 0x0000000084d00000| Untracked 
|  20|0x0000000084e00000, 0x0000000084e00000, 0x0000000084f00000|  0%| F|  |TAMS 0x0000000084e00000| PB 0x0000000084e00000| Untracked 
|  21|0x0000000084f00000, 0x0000000084f00000, 0x0000000085000000|  0%| F|  |TAMS 0x0000000084f00000| PB 0x0000000084f00000| Untracked 
|  22|0x0000000085000000, 0x0000000085000000, 0x0000000085100000|  0%| F|  |TAMS 0x0000000085000000| PB 0x0000000085000000| Untracked 
|  23|0x0000000085100000, 0x0000000085100000, 0x0000000085200000|  0%| F|  |TAMS 0x0000000085100000| PB 0x0000000085100000| Untracked 
|  24|0x0000000085200000, 0x0000000085200000, 0x0000000085300000|  0%| F|  |TAMS 0x0000000085200000| PB 0x0000000085200000| Untracked 
|  25|0x0000000085300000, 0x0000000085300000, 0x0000000085400000|  0%| F|  |TAMS 0x0000000085300000| PB 0x0000000085300000| Untracked 
|  26|0x0000000085400000, 0x0000000085400000, 0x0000000085500000|  0%| F|  |TAMS 0x0000000085400000| PB 0x0000000085400000| Untracked 
|  27|0x0000000085500000, 0x0000000085500000, 0x0000000085600000|  0%| F|  |TAMS 0x0000000085500000| PB 0x0000000085500000| Untracked 
|  28|0x0000000085600000, 0x0000000085600000, 0x0000000085700000|  0%| F|  |TAMS 0x0000000085600000| PB 0x0000000085600000| Untracked 
|  29|0x0000000085700000, 0x0000000085700000, 0x0000000085800000|  0%| F|  |TAMS 0x0000000085700000| PB 0x0000000085700000| Untracked 
|  30|0x0000000085800000, 0x0000000085800000, 0x0000000085900000|  0%| F|  |TAMS 0x0000000085800000| PB 0x0000000085800000| Untracked 
|  31|0x0000000085900000, 0x0000000085900000, 0x0000000085a00000|  0%| F|  |TAMS 0x0000000085900000| PB 0x0000000085900000| Untracked 
|  32|0x0000000085a00000, 0x0000000085a00000, 0x0000000085b00000|  0%| F|  |TAMS 0x0000000085a00000| PB 0x0000000085a00000| Untracked 
|  33|0x0000000085b00000, 0x0000000085b00000, 0x0000000085c00000|  0%| F|  |TAMS 0x0000000085b00000| PB 0x0000000085b00000| Untracked 
|  34|0x0000000085c00000, 0x0000000085c00000, 0x0000000085d00000|  0%| F|  |TAMS 0x0000000085c00000| PB 0x0000000085c00000| Untracked 
|  35|0x0000000085d00000, 0x0000000085d00000, 0x0000000085e00000|  0%| F|  |TAMS 0x0000000085d00000| PB 0x0000000085d00000| Untracked 
|  36|0x0000000085e00000, 0x0000000085e00000, 0x0000000085f00000|  0%| F|  |TAMS 0x0000000085e00000| PB 0x0000000085e00000| Untracked 
|  37|0x0000000085f00000, 0x0000000085f00000, 0x0000000086000000|  0%| F|  |TAMS 0x0000000085f00000| PB 0x0000000085f00000| Untracked 
|  38|0x0000000086000000, 0x0000000086000000, 0x0000000086100000|  0%| F|  |TAMS 0x0000000086000000| PB 0x0000000086000000| Untracked 
|  39|0x0000000086100000, 0x0000000086100000, 0x0000000086200000|  0%| F|  |TAMS 0x0000000086100000| PB 0x0000000086100000| Untracked 
|  40|0x0000000086200000, 0x0000000086200000, 0x0000000086300000|  0%| F|  |TAMS 0x0000000086200000| PB 0x0000000086200000| Untracked 
|  41|0x0000000086300000, 0x0000000086300000, 0x0000000086400000|  0%| F|  |TAMS 0x0000000086300000| PB 0x0000000086300000| Untracked 
|  42|0x0000000086400000, 0x0000000086400000, 0x0000000086500000|  0%| F|  |TAMS 0x0000000086400000| PB 0x0000000086400000| Untracked 
|  43|0x0000000086500000, 0x0000000086500000, 0x0000000086600000|  0%| F|  |TAMS 0x0000000086500000| PB 0x0000000086500000| Untracked 
|  44|0x0000000086600000, 0x0000000086600000, 0x0000000086700000|  0%| F|  |TAMS 0x0000000086600000| PB 0x0000000086600000| Untracked 
|  45|0x0000000086700000, 0x0000000086700000, 0x0000000086800000|  0%| F|  |TAMS 0x0000000086700000| PB 0x0000000086700000| Untracked 
|  46|0x0000000086800000, 0x0000000086800000, 0x0000000086900000|  0%| F|  |TAMS 0x0000000086800000| PB 0x0000000086800000| Untracked 
|  47|0x0000000086900000, 0x0000000086900000, 0x0000000086a00000|  0%| F|  |TAMS 0x0000000086900000| PB 0x0000000086900000| Untracked 
|  48|0x0000000086a00000, 0x0000000086a00000, 0x0000000086b00000|  0%| F|  |TAMS 0x0000000086a00000| PB 0x0000000086a00000| Untracked 
|  49|0x0000000086b00000, 0x0000000086b00000, 0x0000000086c00000|  0%| F|  |TAMS 0x0000000086b00000| PB 0x0000000086b00000| Untracked 
|  50|0x0000000086c00000, 0x0000000086c00000, 0x0000000086d00000|  0%| F|  |TAMS 0x0000000086c00000| PB 0x0000000086c00000| Untracked 
|  51|0x0000000086d00000, 0x0000000086d00000, 0x0000000086e00000|  0%| F|  |TAMS 0x0000000086d00000| PB 0x0000000086d00000| Untracked 
|  52|0x0000000086e00000, 0x0000000086e00000, 0x0000000086f00000|  0%| F|  |TAMS 0x0000000086e00000| PB 0x0000000086e00000| Untracked 
|  53|0x0000000086f00000, 0x0000000086f00000, 0x0000000087000000|  0%| F|  |TAMS 0x0000000086f00000| PB 0x0000000086f00000| Untracked 
|  54|0x0000000087000000, 0x0000000087000000, 0x0000000087100000|  0%| F|  |TAMS 0x0000000087000000| PB 0x0000000087000000| Untracked 
|  55|0x0000000087100000, 0x0000000087100000, 0x0000000087200000|  0%| F|  |TAMS 0x0000000087100000| PB 0x0000000087100000| Untracked 
|  56|0x0000000087200000, 0x0000000087200000, 0x0000000087300000|  0%| F|  |TAMS 0x0000000087200000| PB 0x0000000087200000| Untracked 
|  57|0x0000000087300000, 0x0000000087300000, 0x0000000087400000|  0%| F|  |TAMS 0x0000000087300000| PB 0x0000000087300000| Untracked 
|  58|0x0000000087400000, 0x0000000087400000, 0x0000000087500000|  0%| F|  |TAMS 0x0000000087400000| PB 0x0000000087400000| Untracked 
|  59|0x0000000087500000, 0x0000000087500000, 0x0000000087600000|  0%| F|  |TAMS 0x0000000087500000| PB 0x0000000087500000| Untracked 
|  60|0x0000000087600000, 0x0000000087600000, 0x0000000087700000|  0%| F|  |TAMS 0x0000000087600000| PB 0x0000000087600000| Untracked 
|  61|0x0000000087700000, 0x0000000087700000, 0x0000000087800000|  0%| F|  |TAMS 0x0000000087700000| PB 0x0000000087700000| Untracked 
|  62|0x0000000087800000, 0x0000000087800000, 0x0000000087900000|  0%| F|  |TAMS 0x0000000087800000| PB 0x0000000087800000| Untracked 
|  63|0x0000000087900000, 0x0000000087900000, 0x0000000087a00000|  0%| F|  |TAMS 0x0000000087900000| PB 0x0000000087900000| Untracked 
|  64|0x0000000087a00000, 0x0000000087a00000, 0x0000000087b00000|  0%| F|  |TAMS 0x0000000087a00000| PB 0x0000000087a00000| Untracked 
|  65|0x0000000087b00000, 0x0000000087b00000, 0x0000000087c00000|  0%| F|  |TAMS 0x0000000087b00000| PB 0x0000000087b00000| Untracked 
|  66|0x0000000087c00000, 0x0000000087c00000, 0x0000000087d00000|  0%| F|  |TAMS 0x0000000087c00000| PB 0x0000000087c00000| Untracked 
|  67|0x0000000087d00000, 0x0000000087d00000, 0x0000000087e00000|  0%| F|  |TAMS 0x0000000087d00000| PB 0x0000000087d00000| Untracked 
|  68|0x0000000087e00000, 0x0000000087e00000, 0x0000000087f00000|  0%| F|  |TAMS 0x0000000087e00000| PB 0x0000000087e00000| Untracked 
|  69|0x0000000087f00000, 0x0000000087f00000, 0x0000000088000000|  0%| F|  |TAMS 0x0000000087f00000| PB 0x0000000087f00000| Untracked 
|  70|0x0000000088000000, 0x0000000088000000, 0x0000000088100000|  0%| F|  |TAMS 0x0000000088000000| PB 0x0000000088000000| Untracked 
|  71|0x0000000088100000, 0x0000000088100000, 0x0000000088200000|  0%| F|  |TAMS 0x0000000088100000| PB 0x0000000088100000| Untracked 
|  72|0x0000000088200000, 0x0000000088200000, 0x0000000088300000|  0%| F|  |TAMS 0x0000000088200000| PB 0x0000000088200000| Untracked 
|  73|0x0000000088300000, 0x0000000088300000, 0x0000000088400000|  0%| F|  |TAMS 0x0000000088300000| PB 0x0000000088300000| Untracked 
|  74|0x0000000088400000, 0x0000000088400000, 0x0000000088500000|  0%| F|  |TAMS 0x0000000088400000| PB 0x0000000088400000| Untracked 
|  75|0x0000000088500000, 0x0000000088500000, 0x0000000088600000|  0%| F|  |TAMS 0x0000000088500000| PB 0x0000000088500000| Untracked 
|  76|0x0000000088600000, 0x0000000088600000, 0x0000000088700000|  0%| F|  |TAMS 0x0000000088600000| PB 0x0000000088600000| Untracked 
|  77|0x0000000088700000, 0x0000000088700000, 0x0000000088800000|  0%| F|  |TAMS 0x0000000088700000| PB 0x0000000088700000| Untracked 
|  78|0x0000000088800000, 0x0000000088800000, 0x0000000088900000|  0%| F|  |TAMS 0x0000000088800000| PB 0x0000000088800000| Untracked 
|  79|0x0000000088900000, 0x0000000088900000, 0x0000000088a00000|  0%| F|  |TAMS 0x0000000088900000| PB 0x0000000088900000| Untracked 
|  80|0x0000000088a00000, 0x0000000088a00000, 0x0000000088b00000|  0%| F|  |TAMS 0x0000000088a00000| PB 0x0000000088a00000| Untracked 
|  81|0x0000000088b00000, 0x0000000088b00000, 0x0000000088c00000|  0%| F|  |TAMS 0x0000000088b00000| PB 0x0000000088b00000| Untracked 
|  82|0x0000000088c00000, 0x0000000088c00000, 0x0000000088d00000|  0%| F|  |TAMS 0x0000000088c00000| PB 0x0000000088c00000| Untracked 
|  83|0x0000000088d00000, 0x0000000088d00000, 0x0000000088e00000|  0%| F|  |TAMS 0x0000000088d00000| PB 0x0000000088d00000| Untracked 
|  84|0x0000000088e00000, 0x0000000088e00000, 0x0000000088f00000|  0%| F|  |TAMS 0x0000000088e00000| PB 0x0000000088e00000| Untracked 
|  85|0x0000000088f00000, 0x0000000088f00000, 0x0000000089000000|  0%| F|  |TAMS 0x0000000088f00000| PB 0x0000000088f00000| Untracked 
|  86|0x0000000089000000, 0x0000000089000000, 0x0000000089100000|  0%| F|  |TAMS 0x0000000089000000| PB 0x0000000089000000| Untracked 
|  87|0x0000000089100000, 0x0000000089100000, 0x0000000089200000|  0%| F|  |TAMS 0x0000000089100000| PB 0x0000000089100000| Untracked 
|  88|0x0000000089200000, 0x0000000089200000, 0x0000000089300000|  0%| F|  |TAMS 0x0000000089200000| PB 0x0000000089200000| Untracked 
|  89|0x0000000089300000, 0x0000000089300000, 0x0000000089400000|  0%| F|  |TAMS 0x0000000089300000| PB 0x0000000089300000| Untracked 
|  90|0x0000000089400000, 0x0000000089400000, 0x0000000089500000|  0%| F|  |TAMS 0x0000000089400000| PB 0x0000000089400000| Untracked 
|  91|0x0000000089500000, 0x00000000895919d8, 0x0000000089600000| 56%| E|  |TAMS 0x0000000089500000| PB 0x0000000089500000| Complete 
|  92|0x0000000089600000, 0x0000000089700000, 0x0000000089700000|100%| E|CS|TAMS 0x0000000089600000| PB 0x0000000089600000| Complete 
|  93|0x0000000089700000, 0x0000000089800000, 0x0000000089800000|100%| E|CS|TAMS 0x0000000089700000| PB 0x0000000089700000| Complete 
|  94|0x0000000089800000, 0x0000000089900000, 0x0000000089900000|100%| E|CS|TAMS 0x0000000089800000| PB 0x0000000089800000| Complete 
|  95|0x0000000089900000, 0x0000000089a00000, 0x0000000089a00000|100%| E|CS|TAMS 0x0000000089900000| PB 0x0000000089900000| Complete 
|  96|0x0000000089a00000, 0x0000000089b00000, 0x0000000089b00000|100%| E|CS|TAMS 0x0000000089a00000| PB 0x0000000089a00000| Complete 
|  97|0x0000000089b00000, 0x0000000089c00000, 0x0000000089c00000|100%| E|CS|TAMS 0x0000000089b00000| PB 0x0000000089b00000| Complete 
|  98|0x0000000089c00000, 0x0000000089d00000, 0x0000000089d00000|100%| E|CS|TAMS 0x0000000089c00000| PB 0x0000000089c00000| Complete 
|  99|0x0000000089d00000, 0x0000000089e00000, 0x0000000089e00000|100%| E|CS|TAMS 0x0000000089d00000| PB 0x0000000089d00000| Complete 
| 100|0x0000000089e00000, 0x0000000089f00000, 0x0000000089f00000|100%| S|CS|TAMS 0x0000000089e00000| PB 0x0000000089e00000| Complete 
| 101|0x0000000089f00000, 0x000000008a000000, 0x000000008a000000|100%| S|CS|TAMS 0x0000000089f00000| PB 0x0000000089f00000| Complete 
| 102|0x000000008a000000, 0x000000008a100000, 0x000000008a100000|100%| S|CS|TAMS 0x000000008a000000| PB 0x000000008a000000| Complete 
| 103|0x000000008a100000, 0x000000008a200000, 0x000000008a200000|100%| E|CS|TAMS 0x000000008a100000| PB 0x000000008a100000| Complete 
| 104|0x000000008a200000, 0x000000008a300000, 0x000000008a300000|100%| E|CS|TAMS 0x000000008a200000| PB 0x000000008a200000| Complete 
| 105|0x000000008a300000, 0x000000008a400000, 0x000000008a400000|100%| E|CS|TAMS 0x000000008a300000| PB 0x000000008a300000| Complete 
| 106|0x000000008a400000, 0x000000008a500000, 0x000000008a500000|100%| E|CS|TAMS 0x000000008a400000| PB 0x000000008a400000| Complete 
| 107|0x000000008a500000, 0x000000008a600000, 0x000000008a600000|100%| E|CS|TAMS 0x000000008a500000| PB 0x000000008a500000| Complete 
| 108|0x000000008a600000, 0x000000008a700000, 0x000000008a700000|100%| E|CS|TAMS 0x000000008a600000| PB 0x000000008a600000| Complete 
| 109|0x000000008a700000, 0x000000008a800000, 0x000000008a800000|100%| E|  |TAMS 0x000000008a700000| PB 0x000000008a700000| Complete 
| 110|0x000000008a800000, 0x000000008a900000, 0x000000008a900000|100%| E|CS|TAMS 0x000000008a800000| PB 0x000000008a800000| Complete 
| 111|0x000000008a900000, 0x000000008aa00000, 0x000000008aa00000|100%| E|CS|TAMS 0x000000008a900000| PB 0x000000008a900000| Complete 
| 112|0x000000008aa00000, 0x000000008ab00000, 0x000000008ab00000|100%| E|CS|TAMS 0x000000008aa00000| PB 0x000000008aa00000| Complete 
| 113|0x000000008ab00000, 0x000000008ac00000, 0x000000008ac00000|100%| E|CS|TAMS 0x000000008ab00000| PB 0x000000008ab00000| Complete 
| 114|0x000000008ac00000, 0x000000008ad00000, 0x000000008ad00000|100%| E|CS|TAMS 0x000000008ac00000| PB 0x000000008ac00000| Complete 
| 115|0x000000008ad00000, 0x000000008ae00000, 0x000000008ae00000|100%| E|CS|TAMS 0x000000008ad00000| PB 0x000000008ad00000| Complete 
| 116|0x000000008ae00000, 0x000000008af00000, 0x000000008af00000|100%| E|CS|TAMS 0x000000008ae00000| PB 0x000000008ae00000| Complete 
| 117|0x000000008af00000, 0x000000008b000000, 0x000000008b000000|100%| E|CS|TAMS 0x000000008af00000| PB 0x000000008af00000| Complete 
| 118|0x000000008b000000, 0x000000008b100000, 0x000000008b100000|100%| E|CS|TAMS 0x000000008b000000| PB 0x000000008b000000| Complete 
| 119|0x000000008b100000, 0x000000008b200000, 0x000000008b200000|100%| E|CS|TAMS 0x000000008b100000| PB 0x000000008b100000| Complete 
| 120|0x000000008b200000, 0x000000008b300000, 0x000000008b300000|100%| E|CS|TAMS 0x000000008b200000| PB 0x000000008b200000| Complete 
| 121|0x000000008b300000, 0x000000008b400000, 0x000000008b400000|100%| E|CS|TAMS 0x000000008b300000| PB 0x000000008b300000| Complete 
| 122|0x000000008b400000, 0x000000008b500000, 0x000000008b500000|100%| E|CS|TAMS 0x000000008b400000| PB 0x000000008b400000| Complete 
| 123|0x000000008b500000, 0x000000008b600000, 0x000000008b600000|100%| E|CS|TAMS 0x000000008b500000| PB 0x000000008b500000| Complete 
| 124|0x000000008b600000, 0x000000008b700000, 0x000000008b700000|100%| E|CS|TAMS 0x000000008b600000| PB 0x000000008b600000| Complete 
| 125|0x000000008b700000, 0x000000008b800000, 0x000000008b800000|100%| E|CS|TAMS 0x000000008b700000| PB 0x000000008b700000| Complete 

Card table byte_map: [0x00000111e43b0000,0x00000111e47a0000] _byte_map_base: 0x00000111e3f93000

Marking Bits: (CMBitMap*) 0x00000111ca3eba20
 Bits: [0x00000111e47a0000, 0x00000111e66b8000)

Polling page: 0x00000111ca100000

Metaspace:

Usage:
  Non-class:     15.26 MB used.
      Class:      1.22 MB used.
       Both:     16.48 MB used.

Virtual space:
  Non-class space:       64.00 MB reserved,      15.38 MB ( 24%) committed,  1 nodes.
      Class space:        1.00 GB reserved,       1.31 MB ( <1%) committed,  1 nodes.
             Both:        1.06 GB reserved,      16.69 MB (  2%) committed. 

Chunk freelists:
   Non-Class:  256.00 KB
       Class:  14.57 MB
        Both:  14.82 MB

MaxMetaspaceSize: unlimited
CompressedClassSpaceSize: 1.00 GB
Initial GC threshold: 21.00 MB
Current GC threshold: 21.00 MB
CDS: on
 - commit_granule_bytes: 65536.
 - commit_granule_words: 8192.
 - virtual_space_node_default_size: 8388608.
 - enlarge_chunks_in_place: 1.
 - use_allocation_guard: 0.


Internal statistics:

num_allocs_failed_limit: 0.
num_arena_births: 234.
num_arena_deaths: 0.
num_vsnodes_births: 2.
num_vsnodes_deaths: 0.
num_space_committed: 263.
num_space_uncommitted: 0.
num_chunks_returned_to_freelist: 0.
num_chunks_taken_from_freelist: 591.
num_chunk_merges: 0.
num_chunk_splits: 422.
num_chunks_enlarged: 297.
num_inconsistent_stats: 0.

CodeHeap 'non-profiled nmethods': size=119168Kb used=1288Kb max_used=1288Kb free=117880Kb
 bounds [0x00000111dbb80000, 0x00000111dbdf0000, 0x00000111e2fe0000]
CodeHeap 'profiled nmethods': size=119104Kb used=5017Kb max_used=5017Kb free=114086Kb
 bounds [0x00000111d3fe0000, 0x00000111d44d0000, 0x00000111db430000]
CodeHeap 'non-nmethods': size=7488Kb used=2328Kb max_used=4050Kb free=5159Kb
 bounds [0x00000111db430000, 0x00000111db8a0000, 0x00000111dbb80000]
 total_blobs=3668 nmethods=2658 adapters=915
 compilation: enabled
              stopped_count=0, restarted_count=0
 full_count=0

Compilation events (20 events):
Event: 16.327 Thread 0x00000111e9733b70 2721       3       com.jogamp.newt.event.MouseEvent::getRotationXYZ (36 bytes)
Event: 16.327 Thread 0x00000111e9733b70 nmethod 2721 0x00000111d44be890 code [0x00000111d44bea40, 0x00000111d44bec60]
Event: 16.327 Thread 0x00000111e9733b70 2722       3       jogamp.newt.WindowImpl::doMouseEvent (93 bytes)
Event: 16.328 Thread 0x00000111e9733b70 nmethod 2722 0x00000111d44bed10 code [0x00000111d44bef80, 0x00000111d44bf940]
Event: 16.328 Thread 0x00000111e9733b70 2723       3       jogamp.newt.WindowImpl::doPointerEvent (1594 bytes)
Event: 16.335 Thread 0x00000111e9733b70 nmethod 2723 0x00000111d44bfd90 code [0x00000111d44c0300, 0x00000111d44c36e0]
Event: 16.335 Thread 0x00000111e9733b70 2724       3       jogamp.newt.WindowImpl$PointerState1::getMovePosition (23 bytes)
Event: 16.335 Thread 0x00000111e9733b70 nmethod 2724 0x00000111d44c4d90 code [0x00000111d44c4f40, 0x00000111d44c5100]
Event: 16.335 Thread 0x00000111e9733b70 2725       3       com.jogamp.newt.event.InputEvent::getButtonMask (19 bytes)
Event: 16.335 Thread 0x00000111e9733b70 nmethod 2725 0x00000111d44c5190 code [0x00000111d44c5340, 0x00000111d44c54d0]
Event: 16.335 Thread 0x00000111e9733b70 2726       3       jogamp.newt.WindowImpl::isPointerConfined (12 bytes)
Event: 16.335 Thread 0x00000111e9733b70 nmethod 2726 0x00000111d44c5590 code [0x00000111d44c5740, 0x00000111d44c5928]
Event: 16.631 Thread 0x00000111e9733b70 2727       3       com.jogamp.newt.event.InputEvent::getButtonDownCount (11 bytes)
Event: 16.631 Thread 0x00000111e9733b70 nmethod 2727 0x00000111d44c5a10 code [0x00000111d44c5bc0, 0x00000111d44c5d00]
Event: 16.788 Thread 0x00000111e9733b70 2728       3       processing.core.PApplet::mouseMoved (5 bytes)
Event: 16.788 Thread 0x00000111e9733b70 nmethod 2728 0x00000111d44c5d90 code [0x00000111d44c5f40, 0x00000111d44c6120]
Event: 16.789 Thread 0x00000111e9733b70 2729       3       processing.core.PApplet::mouseMoved (1 bytes)
Event: 16.789 Thread 0x00000111e9733b70 nmethod 2729 0x00000111d44c6210 code [0x00000111d44c63a0, 0x00000111d44c64a8]
Event: 17.518 Thread 0x00000111e9732cc0 2730       4       jogamp.newt.DefaultEDTUtil::access$100 (4 bytes)
Event: 17.519 Thread 0x00000111e9732cc0 nmethod 2730 0x00000111dbcc1d10 code [0x00000111dbcc1ea0, 0x00000111dbcc1f18]

GC Heap History (2 events):
Event: 1.547 GC heap before
{Heap before GC invocations=0 (full 0):
 garbage-first heap   total 129024K, used 23552K [0x0000000083a00000, 0x0000000100000000)
  region size 1024K, 23 young (23552K), 0 survivors (0K)
 Metaspace       used 11230K, committed 11456K, reserved 1114112K
  class space    used 773K, committed 896K, reserved 1048576K
}
Event: 1.557 GC heap after
{Heap after GC invocations=1 (full 0):
 garbage-first heap   total 129024K, used 3174K [0x0000000083a00000, 0x0000000100000000)
  region size 1024K, 3 young (3072K), 3 survivors (3072K)
 Metaspace       used 11230K, committed 11456K, reserved 1114112K
  class space    used 773K, committed 896K, reserved 1048576K
}

Dll operation events (16 events):
Event: 0.009 Loaded shared library C:\Program Files\Java\jdk-21\bin\java.dll
Event: 0.042 Loaded shared library C:\Program Files\Java\jdk-21\bin\jsvml.dll
Event: 0.075 Loaded shared library C:\Program Files\Java\jdk-21\bin\net.dll
Event: 0.076 Loaded shared library C:\Program Files\Java\jdk-21\bin\nio.dll
Event: 0.102 Loaded shared library C:\Program Files\Java\jdk-21\bin\zip.dll
Event: 0.249 Loaded shared library C:\Program Files\Java\jdk-21\bin\jimage.dll
Event: 0.267 Loaded shared library C:\Program Files\Java\jdk-21\bin\awt.dll
Event: 0.905 Loaded shared library C:\Users\Carlos\Documents\NetBeansProjects\SimuladorProcessing\natives\windows-amd64\gluegen_rt.dll
Event: 0.936 Loaded shared library C:\Program Files\Java\jdk-21\bin\jawt.dll
Event: 0.939 Loaded shared library C:\Users\Carlos\Documents\NetBeansProjects\SimuladorProcessing\natives\windows-amd64\nativewindow_awt.dll
Event: 0.988 Loaded shared library C:\Users\Carlos\Documents\NetBeansProjects\SimuladorProcessing\natives\windows-amd64\nativewindow_win32.dll
Event: 1.182 Loaded shared library C:\Users\Carlos\Documents\NetBeansProjects\SimuladorProcessing\natives\windows-amd64\jogl_desktop.dll
Event: 1.218 Loaded shared library C:\Users\Carlos\Documents\NetBeansProjects\SimuladorProcessing\natives\windows-amd64\jogl_mobile.dll
Event: 2.286 Loaded shared library C:\Users\Carlos\Documents\NetBeansProjects\SimuladorProcessing\natives\windows-amd64\newt_head.dll
Event: 3.358 Loaded shared library C:\Program Files\Java\jdk-21\bin\freetype.dll
Event: 3.361 Loaded shared library C:\Program Files\Java\jdk-21\bin\fontmanager.dll

Deoptimization events (20 events):
Event: 9.364 Thread 0x00000111f54d8c50 Uncommon trap: trap_request=0xffffff45 fr.pc=0x00000111dbc4e330 relative=0x00000000000001f0
Event: 9.364 Thread 0x00000111f54d8c50 Uncommon trap: reason=unstable_if action=reinterpret pc=0x00000111dbc4e330 method=processing.opengl.PGraphicsOpenGL$Tessellator.setLastTexIndex(II)V @ 15 c2
Event: 9.364 Thread 0x00000111f54d8c50 DEOPT PACKING pc=0x00000111dbc4e330 sp=0x0000001191afe600
Event: 9.364 Thread 0x00000111f54d8c50 DEOPT UNPACKING pc=0x00000111db487da2 sp=0x0000001191afe5b0 mode 2
Event: 9.365 Thread 0x00000111f54d8c50 Uncommon trap: trap_request=0xffffff45 fr.pc=0x00000111dbc51d58 relative=0x0000000000000b58
Event: 9.365 Thread 0x00000111f54d8c50 Uncommon trap: reason=unstable_if action=reinterpret pc=0x00000111dbc51d58 method=processing.opengl.PGraphicsOpenGL$Tessellator.setLastTexIndex(II)V @ 15 c2
Event: 9.365 Thread 0x00000111f54d8c50 DEOPT PACKING pc=0x00000111dbc51d58 sp=0x0000001191afe640
Event: 9.365 Thread 0x00000111f54d8c50 DEOPT UNPACKING pc=0x00000111db487da2 sp=0x0000001191afe510 mode 2
Event: 9.365 Thread 0x00000111f54d8c50 Uncommon trap: trap_request=0xffffff45 fr.pc=0x00000111dbc484ac relative=0x000000000000068c
Event: 9.365 Thread 0x00000111f54d8c50 Uncommon trap: reason=unstable_if action=reinterpret pc=0x00000111dbc484ac method=sun.font.FontDesignMetrics.getLatinCharWidth(C)F @ 11 c2
Event: 9.365 Thread 0x00000111f54d8c50 DEOPT PACKING pc=0x00000111dbc484ac sp=0x0000001191afe760
Event: 9.365 Thread 0x00000111f54d8c50 DEOPT UNPACKING pc=0x00000111db487da2 sp=0x0000001191afe600 mode 2
Event: 12.764 Thread 0x00000111f54d8c50 Uncommon trap: trap_request=0xffffff45 fr.pc=0x00000111dbc55aec relative=0x000000000000150c
Event: 12.764 Thread 0x00000111f54d8c50 Uncommon trap: reason=unstable_if action=reinterpret pc=0x00000111dbc55aec method=processing.opengl.PGraphicsOpenGL$TessGeometry.polyIndexCheck(I)V @ 13 c2
Event: 12.764 Thread 0x00000111f54d8c50 DEOPT PACKING pc=0x00000111dbc55aec sp=0x0000001191afe4f0
Event: 12.764 Thread 0x00000111f54d8c50 DEOPT UNPACKING pc=0x00000111db487da2 sp=0x0000001191afe3d0 mode 2
Event: 12.764 Thread 0x00000111f54d8c50 Uncommon trap: trap_request=0xffffff45 fr.pc=0x00000111dbc496b0 relative=0x0000000000000090
Event: 12.764 Thread 0x00000111f54d8c50 Uncommon trap: reason=unstable_if action=reinterpret pc=0x00000111dbc496b0 method=processing.opengl.PGraphicsOpenGL$TessGeometry.polyVertexCheck(I)V @ 15 c2
Event: 12.764 Thread 0x00000111f54d8c50 DEOPT PACKING pc=0x00000111dbc496b0 sp=0x0000001191afe590
Event: 12.764 Thread 0x00000111f54d8c50 DEOPT UNPACKING pc=0x00000111db487da2 sp=0x0000001191afe518 mode 2

Classes loaded (20 events):
Event: 3.612 Loading class sun/font/CMap$CMapFormat12
Event: 3.612 Loading class sun/font/CMap$CMapFormat12 done
Event: 3.614 Loading class sun/font/FontStrikeDisposer
Event: 3.614 Loading class sun/java2d/Disposer$PollDisposable
Event: 3.615 Loading class sun/java2d/Disposer$PollDisposable done
Event: 3.615 Loading class sun/font/FontStrikeDisposer done
Event: 3.617 Loading class sun/font/StrikeCache$SoftDisposerRef
Event: 3.617 Loading class sun/font/StrikeCache$DisposableStrike
Event: 3.617 Loading class sun/font/StrikeCache$DisposableStrike done
Event: 3.617 Loading class sun/font/StrikeCache$SoftDisposerRef done
Event: 3.618 Loading class sun/font/FontDesignMetrics$KeyReference
Event: 3.618 Loading class sun/font/FontDesignMetrics$KeyReference done
Event: 3.619 Loading class sun/java2d/loops/FontInfo
Event: 3.619 Loading class sun/java2d/loops/FontInfo done
Event: 10.342 Loading class java/lang/foreign/MemorySegment
Event: 10.342 Loading class java/lang/foreign/MemorySegment done
Event: 17.850 Loading class sun/font/SunFontManager$7$1
Event: 17.850 Loading class sun/font/SunFontManager$7$1 done
Event: 17.851 Loading class java/nio/channels/ClosedChannelException
Event: 17.851 Loading class java/nio/channels/ClosedChannelException done

Classes unloaded (0 events):
No events

Classes redefined (0 events):
No events

Internal exceptions (20 events):
Event: 0.798 Thread 0x00000111ca14a460 Exception <a 'java/lang/NoSuchMethodError'{0x000000008ac2c778}: 'java.lang.Object java.lang.invoke.DirectMethodHandle$Holder.newInvokeSpecial(java.lang.Object, long)'> (0x000000008ac2c778) 
thrown [s\open\src\hotspot\share\interpreter\linkResolver.cpp, line 773]
Event: 0.800 Thread 0x00000111ca14a460 Exception <a 'java/lang/NoSuchMethodError'{0x000000008ac331b0}: 'java.lang.Object java.lang.invoke.DirectMethodHandle$Holder.invokeStatic(java.lang.Object, long, java.lang.Object)'> (0x000000008ac331b0) 
thrown [s\open\src\hotspot\share\interpreter\linkResolver.cpp, line 773]
Event: 0.801 Thread 0x00000111ca14a460 Exception <a 'java/lang/NoSuchMethodError'{0x000000008ac36808}: 'java.lang.Object java.lang.invoke.DirectMethodHandle$Holder.invokeStaticInit(java.lang.Object, long, java.lang.Object)'> (0x000000008ac36808) 
thrown [s\open\src\hotspot\share\interpreter\linkResolver.cpp, line 773]
Event: 0.902 Thread 0x00000111ca14a460 Exception <a 'sun/nio/fs/WindowsException'{0x000000008ac5d810}> (0x000000008ac5d810) 
thrown [s\open\src\hotspot\share\prims\jni.cpp, line 520]
Event: 0.906 Thread 0x00000111ca14a460 Exception <a 'java/lang/NoSuchMethodError'{0x000000008ac65110}: 'int java.lang.invoke.DirectMethodHandle$Holder.invokeStatic(java.lang.Object)'> (0x000000008ac65110) 
thrown [s\open\src\hotspot\share\interpreter\linkResolver.cpp, line 773]
Event: 0.907 Thread 0x00000111ca14a460 Exception <a 'java/lang/NoSuchMethodError'{0x000000008ac68880}: 'int java.lang.invoke.DelegatingMethodHandle$Holder.reinvoke_L(java.lang.Object)'> (0x000000008ac68880) 
thrown [s\open\src\hotspot\share\interpreter\linkResolver.cpp, line 773]
Event: 0.938 Thread 0x00000111ca14a460 Exception <a 'sun/nio/fs/WindowsException'{0x000000008ab0d198}> (0x000000008ab0d198) 
thrown [s\open\src\hotspot\share\prims\jni.cpp, line 520]
Event: 0.955 Thread 0x00000111ca14a460 Exception <a 'java/lang/NoSuchMethodError'{0x000000008ab591b0}: 'java.lang.Object java.lang.invoke.DirectMethodHandle$Holder.invokeInterface(java.lang.Object, java.lang.Object)'> (0x000000008ab591b0) 
thrown [s\open\src\hotspot\share\interpreter\linkResolver.cpp, line 773]
Event: 0.955 Thread 0x00000111ca14a460 Exception <a 'java/lang/IncompatibleClassChangeError'{0x000000008ab5c6c8}: Found class java.lang.Object, but interface was expected> (0x000000008ab5c6c8) 
thrown [s\open\src\hotspot\share\interpreter\linkResolver.cpp, line 840]
Event: 1.184 Thread 0x00000111ca14a460 Exception <a 'java/lang/NoSuchMethodError'{0x000000008a6a7528}: 'long java.lang.invoke.DelegatingMethodHandle$Holder.reinvoke_L(java.lang.Object, java.lang.Object)'> (0x000000008a6a7528) 
thrown [s\open\src\hotspot\share\interpreter\linkResolver.cpp, line 773]
Event: 1.185 Thread 0x00000111ca14a460 Exception <a 'java/lang/NoSuchMethodError'{0x000000008a6b12e8}: 'void java.lang.invoke.DelegatingMethodHandle$Holder.reinvoke_L(java.lang.Object, java.lang.Object, long)'> (0x000000008a6b12e8) 
thrown [s\open\src\hotspot\share\interpreter\linkResolver.cpp, line 773]
Event: 1.647 Thread 0x00000111ee275d50 Implicit null exception at 0x00000111dbbd63b4 to 0x00000111dbbd6640
Event: 1.647 Thread 0x00000111ee275d50 Exception <a 'java/lang/NoSuchMethodError'{0x000000008b1bade0}: 'void java.lang.invoke.DirectMethodHandle$Holder.invokeSpecial(java.lang.Object, java.lang.Object, java.lang.Object)'> (0x000000008b1bade0) 
thrown [s\open\src\hotspot\share\interpreter\linkResolver.cpp, line 773]
Event: 1.652 Thread 0x00000111ee275d50 Exception <a 'java/lang/NoSuchMethodError'{0x000000008b1d0940}: 'long java.lang.invoke.Invokers$Holder.invokeExact_MT(java.lang.Object, java.lang.Object, java.lang.Object)'> (0x000000008b1d0940) 
thrown [s\open\src\hotspot\share\interpreter\linkResolver.cpp, line 773]
Event: 2.394 Thread 0x00000111ca14a460 Exception <a 'java/lang/NoSuchMethodError'{0x000000008a7373c8}: 'void java.lang.invoke.DirectMethodHandle$Holder.invokeSpecial(java.lang.Object, java.lang.Object, java.lang.Object, java.lang.Object, java.lang.Object)'> (0x000000008a7373c8) 
thrown [s\open\src\hotspot\share\interpreter\linkResolver.cpp, line 773]
Event: 2.401 Thread 0x00000111ca14a460 Exception <a 'java/lang/NoSuchMethodError'{0x000000008a743f68}: 'void java.lang.invoke.DirectMethodHandle$Holder.invokeSpecial(java.lang.Object, java.lang.Object, int)'> (0x000000008a743f68) 
thrown [s\open\src\hotspot\share\interpreter\linkResolver.cpp, line 773]
Event: 2.401 Thread 0x00000111ca14a460 Exception <a 'java/lang/NoSuchMethodError'{0x000000008a7496c0}: 'java.lang.Object java.lang.invoke.DirectMethodHandle$Holder.newInvokeSpecial(java.lang.Object, java.lang.Object, int)'> (0x000000008a7496c0) 
thrown [s\open\src\hotspot\share\interpreter\linkResolver.cpp, line 773]
Event: 2.792 Thread 0x00000111f8c079b0 Exception <a 'java/lang/NoSuchMethodError'{0x000000008a7a2f88}: 'void java.lang.invoke.DirectMethodHandle$Holder.invokeSpecial(java.lang.Object, java.lang.Object, int, int)'> (0x000000008a7a2f88) 
thrown [s\open\src\hotspot\share\interpreter\linkResolver.cpp, line 773]
Event: 2.793 Thread 0x00000111f8c079b0 Exception <a 'java/lang/NoSuchMethodError'{0x000000008a7a8910}: 'java.lang.Object java.lang.invoke.DirectMethodHandle$Holder.newInvokeSpecial(java.lang.Object, java.lang.Object, int, int)'> (0x000000008a7a8910) 
thrown [s\open\src\hotspot\share\interpreter\linkResolver.cpp, line 773]
Event: 17.848 Thread 0x00000111f55e7080 Exception <a 'java/lang/InterruptedException'{0x00000000896eac38}> (0x00000000896eac38) 
thrown [s\open\src\hotspot\share\runtime\objectMonitor.cpp, line 1648]

ZGC Phase Switch (0 events):
No events

VM Operations (20 events):
Event: 7.512 Executing VM operation: Cleanup done
Event: 8.512 Executing VM operation: Cleanup
Event: 8.512 Executing VM operation: Cleanup done
Event: 9.513 Executing VM operation: Cleanup
Event: 9.513 Executing VM operation: Cleanup done
Event: 10.514 Executing VM operation: Cleanup
Event: 10.514 Executing VM operation: Cleanup done
Event: 11.515 Executing VM operation: Cleanup
Event: 11.515 Executing VM operation: Cleanup done
Event: 12.515 Executing VM operation: Cleanup
Event: 12.515 Executing VM operation: Cleanup done
Event: 13.515 Executing VM operation: Cleanup
Event: 13.515 Executing VM operation: Cleanup done
Event: 14.515 Executing VM operation: Cleanup
Event: 14.515 Executing VM operation: Cleanup done
Event: 15.516 Executing VM operation: Cleanup
Event: 15.516 Executing VM operation: Cleanup done
Event: 16.517 Executing VM operation: Cleanup
Event: 16.517 Executing VM operation: Cleanup done
Event: 17.962 Executing VM operation: Exit

Events (20 events):
Event: 9.236 Thread 0x00000111e96e4fc0 Thread exited: 0x00000111e96e4fc0
Event: 10.485 Thread 0x00000111f9085d90 Thread added: 0x00000111f9085d90
Event: 11.113 Thread 0x00000111f9085d90 Thread exited: 0x00000111f9085d90
Event: 11.275 Thread 0x00000111c5d2da40 Thread added: 0x00000111c5d2da40
Event: 11.275 Thread 0x00000111c5d2e0f0 Thread added: 0x00000111c5d2e0f0
Event: 11.474 Thread 0x00000111c5d2e0f0 Thread exited: 0x00000111c5d2e0f0
Event: 11.620 Thread 0x00000111c5d2da40 Thread exited: 0x00000111c5d2da40
Event: 17.849 Thread 0x00000111f90a44d0 Thread added: 0x00000111f90a44d0
Event: 17.849 Thread 0x00000111f90a3e40 Thread added: 0x00000111f90a3e40
Event: 17.849 Thread 0x00000111f90a1050 Thread added: 0x00000111f90a1050
Event: 17.849 Thread 0x00000111f90a16e0 Thread added: 0x00000111f90a16e0
Event: 17.849 Thread 0x00000111f55e7080 Thread exited: 0x00000111f55e7080
Event: 17.850 Thread 0x00000111f90a1d70 Thread added: 0x00000111f90a1d70
Event: 17.851 Thread 0x00000111f90a16e0 Thread exited: 0x00000111f90a16e0
Event: 17.852 Thread 0x00000111f90a3e40 Thread exited: 0x00000111f90a3e40
Event: 17.852 Thread 0x00000111ee634300 Thread exited: 0x00000111ee634300
Event: 17.891 Thread 0x00000111ee046cf0 Thread exited: 0x00000111ee046cf0
Event: 17.942 Thread 0x00000111ee275d50 Thread exited: 0x00000111ee275d50
Event: 17.952 Thread 0x00000111f90a44d0 Thread exited: 0x00000111f90a44d0
Event: 17.961 Thread 0x00000111f90a1050 Thread exited: 0x00000111f90a1050


Dynamic libraries:
0x00007ff708760000 - 0x00007ff708770000 	C:\Program Files\Java\jdk-21\bin\java.exe
0x00007ff9e2fb0000 - 0x00007ff9e31c6000 	C:\WINDOWS\SYSTEM32\ntdll.dll
0x00007ff9e1c70000 - 0x00007ff9e1d34000 	C:\WINDOWS\System32\KERNEL32.DLL
0x00007ff9e0510000 - 0x00007ff9e08b6000 	C:\WINDOWS\System32\KERNELBASE.dll
0x00007ff9e0930000 - 0x00007ff9e0a41000 	C:\WINDOWS\System32\ucrtbase.dll
0x00007ff9d7900000 - 0x00007ff9d791b000 	C:\Program Files\Java\jdk-21\bin\VCRUNTIME140.dll
0x00007ff9db540000 - 0x00007ff9db559000 	C:\Program Files\Java\jdk-21\bin\jli.dll
0x00007ff9e1bb0000 - 0x00007ff9e1c62000 	C:\WINDOWS\System32\ADVAPI32.dll
0x00007ff9e1330000 - 0x00007ff9e13d7000 	C:\WINDOWS\System32\msvcrt.dll
0x00007ff9e2c60000 - 0x00007ff9e2d08000 	C:\WINDOWS\System32\sechost.dll
0x00007ff9e02f0000 - 0x00007ff9e0318000 	C:\WINDOWS\System32\bcrypt.dll
0x00007ff9e29a0000 - 0x00007ff9e2ab5000 	C:\WINDOWS\System32\RPCRT4.dll
0x00007ff9e2680000 - 0x00007ff9e282d000 	C:\WINDOWS\System32\USER32.dll
0x00007ff9e0a50000 - 0x00007ff9e0a76000 	C:\WINDOWS\System32\win32u.dll
0x00007ff9c7270000 - 0x00007ff9c7503000 	C:\WINDOWS\WinSxS\amd64_microsoft.windows.common-controls_6595b64144ccf1df_6.0.22621.3235_none_270f74e173860f98\COMCTL32.dll
0x00007ff9e2970000 - 0x00007ff9e2999000 	C:\WINDOWS\System32\GDI32.dll
0x00007ff9e0a80000 - 0x00007ff9e0b98000 	C:\WINDOWS\System32\gdi32full.dll
0x00007ff9e0ba0000 - 0x00007ff9e0c3a000 	C:\WINDOWS\System32\msvcp_win.dll
0x00007ff9d66f0000 - 0x00007ff9d66fa000 	C:\WINDOWS\SYSTEM32\VERSION.dll
0x00007ff9e0d00000 - 0x00007ff9e0d31000 	C:\WINDOWS\System32\IMM32.DLL
0x00007ff9d78f0000 - 0x00007ff9d78fc000 	C:\Program Files\Java\jdk-21\bin\vcruntime140_1.dll
0x00007ff9ac3c0000 - 0x00007ff9ac44e000 	C:\Program Files\Java\jdk-21\bin\msvcp140.dll
0x00007ff998010000 - 0x00007ff998d27000 	C:\Program Files\Java\jdk-21\bin\server\jvm.dll
0x00007ff9e2d10000 - 0x00007ff9e2d81000 	C:\WINDOWS\System32\WS2_32.dll
0x00007ff9df150000 - 0x00007ff9df19d000 	C:\WINDOWS\SYSTEM32\POWRPROF.dll
0x00007ff9d6410000 - 0x00007ff9d6444000 	C:\WINDOWS\SYSTEM32\WINMM.dll
0x00007ff9df130000 - 0x00007ff9df143000 	C:\WINDOWS\SYSTEM32\UMPDC.dll
0x00007ff9df400000 - 0x00007ff9df418000 	C:\WINDOWS\SYSTEM32\kernel.appcore.dll
0x00007ff9d78e0000 - 0x00007ff9d78ea000 	C:\Program Files\Java\jdk-21\bin\jimage.dll
0x00007ff9ddbf0000 - 0x00007ff9dde23000 	C:\WINDOWS\SYSTEM32\DBGHELP.DLL
0x00007ff9e0ea0000 - 0x00007ff9e1228000 	C:\WINDOWS\System32\combase.dll
0x00007ff9e1250000 - 0x00007ff9e1327000 	C:\WINDOWS\System32\OLEAUT32.dll
0x00007ff9b18b0000 - 0x00007ff9b18e2000 	C:\WINDOWS\SYSTEM32\dbgcore.DLL
0x00007ff9e0490000 - 0x00007ff9e050a000 	C:\WINDOWS\System32\bcryptPrimitives.dll
0x00007ff9d7830000 - 0x00007ff9d784f000 	C:\Program Files\Java\jdk-21\bin\java.dll
0x00007ff9e1e10000 - 0x00007ff9e266c000 	C:\WINDOWS\System32\SHELL32.dll
0x00007ff9de200000 - 0x00007ff9deaf8000 	C:\WINDOWS\SYSTEM32\windows.storage.dll
0x00007ff9de0c0000 - 0x00007ff9de1fe000 	C:\WINDOWS\SYSTEM32\wintypes.dll
0x00007ff9e13e0000 - 0x00007ff9e14d3000 	C:\WINDOWS\System32\SHCORE.dll
0x00007ff9e0e40000 - 0x00007ff9e0e9e000 	C:\WINDOWS\System32\shlwapi.dll
0x00007ff9e0220000 - 0x00007ff9e0246000 	C:\WINDOWS\SYSTEM32\profapi.dll
0x00007ff99a9c0000 - 0x00007ff99aa97000 	C:\Program Files\Java\jdk-21\bin\jsvml.dll
0x00007ff9d7820000 - 0x00007ff9d7830000 	C:\Program Files\Java\jdk-21\bin\net.dll
0x00007ff9d6cb0000 - 0x00007ff9d6de7000 	C:\WINDOWS\SYSTEM32\WINHTTP.dll
0x00007ff9df8a0000 - 0x00007ff9df909000 	C:\WINDOWS\system32\mswsock.dll
0x00007ff9d4f60000 - 0x00007ff9d4f76000 	C:\Program Files\Java\jdk-21\bin\nio.dll
0x00007ff9d4f40000 - 0x00007ff9d4f58000 	C:\Program Files\Java\jdk-21\bin\zip.dll
0x00007ff997e80000 - 0x00007ff99800f000 	C:\Program Files\Java\jdk-21\bin\awt.dll
0x00007ff9dd070000 - 0x00007ff9dd107000 	C:\WINDOWS\SYSTEM32\apphelp.dll
0x00007ff9dd230000 - 0x00007ff9dd2db000 	C:\WINDOWS\system32\uxtheme.dll
0x00007ff9e14e0000 - 0x00007ff9e1634000 	C:\WINDOWS\System32\MSCTF.dll
0x00007ff9e2ac0000 - 0x00007ff9e2c5f000 	C:\WINDOWS\System32\ole32.dll
0x00007ff9dd490000 - 0x00007ff9dd4bb000 	C:\WINDOWS\system32\DWMAPI.DLL
0x00007ff9b3050000 - 0x00007ff9b3150000 	C:\WINDOWS\system32\opengl32.dll
0x00007ff9b3f50000 - 0x00007ff9b3f7d000 	C:\WINDOWS\SYSTEM32\GLU32.dll
0x00007ff9dd340000 - 0x00007ff9dd379000 	C:\WINDOWS\SYSTEM32\dxcore.dll
0x00007ff9dfaf0000 - 0x00007ff9dfb0b000 	C:\WINDOWS\SYSTEM32\CRYPTSP.dll
0x00007ff9df350000 - 0x00007ff9df385000 	C:\WINDOWS\system32\rsaenh.dll
0x00007ff9df990000 - 0x00007ff9df9bc000 	C:\WINDOWS\SYSTEM32\USERENV.dll
0x00007ff9dfb10000 - 0x00007ff9dfb1c000 	C:\WINDOWS\SYSTEM32\CRYPTBASE.dll
0x00007ff9ded60000 - 0x00007ff9ded8d000 	C:\WINDOWS\SYSTEM32\IPHLPAPI.DLL
0x00007ff9e2670000 - 0x00007ff9e2679000 	C:\WINDOWS\System32\NSI.dll
0x000000006e8c0000 - 0x000000006e8cd000 	C:\Users\Carlos\Documents\NetBeansProjects\SimuladorProcessing\natives\windows-amd64\gluegen_rt.dll
0x00007ff9ab8c0000 - 0x00007ff9ab8c7000 	C:\Program Files\Java\jdk-21\bin\jawt.dll
0x000000006a440000 - 0x000000006a44d000 	C:\Users\Carlos\Documents\NetBeansProjects\SimuladorProcessing\natives\windows-amd64\nativewindow_awt.dll
0x000000006c100000 - 0x000000006c110000 	C:\Users\Carlos\Documents\NetBeansProjects\SimuladorProcessing\natives\windows-amd64\nativewindow_win32.dll
0x0000000064500000 - 0x0000000064585000 	C:\Users\Carlos\Documents\NetBeansProjects\SimuladorProcessing\natives\windows-amd64\jogl_desktop.dll
0x0000000064340000 - 0x0000000064391000 	C:\Users\Carlos\Documents\NetBeansProjects\SimuladorProcessing\natives\windows-amd64\jogl_mobile.dll
0x00007ff9d4ff0000 - 0x00007ff9d503a000 	C:\WINDOWS\SYSTEM32\directxdatabasehelper.dll
0x00007ff9e1d40000 - 0x00007ff9e1df0000 	C:\WINDOWS\System32\clbcatq.dll
0x00007ff97ab00000 - 0x00007ff97bad3000 	C:\WINDOWS\System32\DriverStore\FileRepository\iigd_dch.inf_amd64_e31d62740aef2af9\igxelpicd64.dll
0x00007ff9dd380000 - 0x00007ff9dd478000 	C:\WINDOWS\system32\dxgi.dll
0x00007ff982df0000 - 0x00007ff983277000 	C:\WINDOWS\System32\DriverStore\FileRepository\iigd_dch.inf_amd64_e31d62740aef2af9\igdml64.dll
0x00007ff9cf830000 - 0x00007ff9cfbf1000 	C:\WINDOWS\System32\DriverStore\FileRepository\iigd_dch.inf_amd64_e31d62740aef2af9\igdgmm64.dll
0x00007ff9c9440000 - 0x00007ff9cc646000 	C:\WINDOWS\System32\DriverStore\FileRepository\iigd_dch.inf_amd64_e31d62740aef2af9\igc64.dll
0x0000000070d80000 - 0x0000000070d93000 	C:\Users\Carlos\Documents\NetBeansProjects\SimuladorProcessing\natives\windows-amd64\newt_head.dll
0x00007ff9d7b00000 - 0x00007ff9d7bbc000 	C:\WINDOWS\SYSTEM32\mscms.dll
0x00007ff9af060000 - 0x00007ff9af0a9000 	C:\WINDOWS\SYSTEM32\icm32.dll
0x00007ff9e1730000 - 0x00007ff9e1ba4000 	C:\WINDOWS\System32\setupapi.dll
0x00007ff9dffb0000 - 0x00007ff9dffdc000 	C:\WINDOWS\SYSTEM32\DEVOBJ.dll
0x00007ff9dffe0000 - 0x00007ff9e002e000 	C:\WINDOWS\SYSTEM32\cfgmgr32.dll
0x00007ff9e08c0000 - 0x00007ff9e092b000 	C:\WINDOWS\System32\WINTRUST.dll
0x00007ff9e0320000 - 0x00007ff9e0486000 	C:\WINDOWS\System32\CRYPT32.dll
0x00007ff9dfc50000 - 0x00007ff9dfc62000 	C:\WINDOWS\SYSTEM32\MSASN1.dll
0x00007ff9d3b60000 - 0x00007ff9d3caa000 	C:\WINDOWS\SYSTEM32\textinputframework.dll
0x00007ff9dcd80000 - 0x00007ff9dceb4000 	C:\WINDOWS\SYSTEM32\CoreMessaging.dll
0x00007ff9d5040000 - 0x00007ff9d53ac000 	C:\WINDOWS\SYSTEM32\CoreUIComponents.dll
0x00007ff9c75c0000 - 0x00007ff9c7629000 	C:\WINDOWS\system32\Oleacc.dll
0x00007ff997df0000 - 0x00007ff997e77000 	C:\Program Files\Java\jdk-21\bin\freetype.dll
0x00007ff96abf0000 - 0x00007ff96acd2000 	C:\Program Files\Java\jdk-21\bin\fontmanager.dll

dbghelp: loaded successfully - version: 4.0.5 - missing functions: none
symbol engine: initialized successfully - sym options: 0x614 - pdb path: .;C:\Program Files\Java\jdk-21\bin;C:\WINDOWS\SYSTEM32;C:\WINDOWS\WinSxS\amd64_microsoft.windows.common-controls_6595b64144ccf1df_6.0.22621.3235_none_270f74e173860f98;C:\Program Files\Java\jdk-21\bin\server;C:\Users\Carlos\Documents\NetBeansProjects\SimuladorProcessing\natives\windows-amd64;C:\WINDOWS\System32\DriverStore\FileRepository\iigd_dch.inf_amd64_e31d62740aef2af9

VM Arguments:
jvm_args: -Dfile.encoding=UTF-8 -Djava.library.path=natives --enable-preview --module-path=C:\Users\Carlos\Documents\NetBeansProjects\SimuladorProcessing\build\classes 
java_command: Main.Launcher
java_class_path (initial): C:\Users\Carlos\Software\processing-4.3\core\library\core.jar;C:\Users\Carlos\Software\processing-4.3\core\library\gluegen-rt.jar;C:\Users\Carlos\Software\processing-4.3\core\library\jogl-all.jar;C:\Users\Carlos\Documents\NetBeansProjects\SimuladorProcessing\build\classes
Launcher Type: SUN_STANDARD

[Global flags]
     intx CICompilerCount                          = 12                                        {product} {ergonomic}
     uint ConcGCThreads                            = 3                                         {product} {ergonomic}
     uint G1ConcRefinementThreads                  = 13                                        {product} {ergonomic}
   size_t G1HeapRegionSize                         = 1048576                                   {product} {ergonomic}
    uintx GCDrainStackTargetSize                   = 64                                        {product} {ergonomic}
   size_t InitialHeapSize                          = 132120576                                 {product} {ergonomic}
   size_t MarkStackSize                            = 4194304                                   {product} {ergonomic}
   size_t MaxHeapSize                              = 2086666240                                {product} {ergonomic}
   size_t MaxNewSize                               = 1251999744                                {product} {ergonomic}
   size_t MinHeapDeltaBytes                        = 1048576                                   {product} {ergonomic}
   size_t MinHeapSize                              = 8388608                                   {product} {ergonomic}
    uintx NonNMethodCodeHeapSize                   = 7602480                                {pd product} {ergonomic}
    uintx NonProfiledCodeHeapSize                  = 122027880                              {pd product} {ergonomic}
    uintx ProfiledCodeHeapSize                     = 122027880                              {pd product} {ergonomic}
    uintx ReservedCodeCacheSize                    = 251658240                              {pd product} {ergonomic}
     bool SegmentedCodeCache                       = true                                      {product} {ergonomic}
   size_t SoftMaxHeapSize                          = 2086666240                             {manageable} {ergonomic}
     bool UseCompressedOops                        = true                           {product lp64_product} {ergonomic}
     bool UseG1GC                                  = true                                      {product} {ergonomic}
     bool UseLargePagesIndividualAllocation        = false                                  {pd product} {ergonomic}

Logging:
Log output configuration:
 #0: stdout all=off uptime,level,tags foldmultilines=false
 #1: stderr all=off uptime,level,tags foldmultilines=false

Environment Variables:
PATH=C:\Program Files\Common Files\Oracle\Java\javapath;C:\Program Files (x86)\Common Files\Intel\Shared Libraries\redist\intel64\compiler;C:\Windows\system32;C:\Windows;C:\Windows\System32\Wbem;C:\Windows\System32\WindowsPowerShell\v1.0\;C:\Windows\System32\OpenSSH\;C:\Program Files (x86)\NVIDIA Corporation\PhysX\Common;C:\Program Files\NVIDIA Corporation\NVIDIA NvDLISR;C:\WINDOWS\system32;C:\WINDOWS;C:\WINDOWS\System32\Wbem;C:\WINDOWS\System32\WindowsPowerShell\v1.0\;C:\WINDOWS\System32\OpenSSH\;C:\Program Files\Calibre2\;C:\Program Files\PuTTY\;C:\Users\Carlos\AppData\Local\Programs\Python\Python312\Scripts\;C:\Users\Carlos\AppData\Local\Programs\Python\Python312\;C:\Users\Carlos\AppData\Local\Microsoft\WindowsApps;C:\Users\Carlos\AppData\Local\GitHubDesktop\bin
USERNAME=Carlos
OS=Windows_NT
PROCESSOR_IDENTIFIER=Intel64 Family 6 Model 141 Stepping 1, GenuineIntel
TMP=C:\Users\Carlos\AppData\Local\Temp
TEMP=C:\Users\Carlos\AppData\Local\Temp




Periodic native trim disabled

---------------  S Y S T E M  ---------------

OS:
 Windows 11 , 64 bit Build 22621 (10.0.22621.3235)
OS uptime: 0 days 3:25 hours
Hyper-V role detected

CPU: total 16 (initial active 16) (8 cores per cpu, 2 threads per core) family 6 model 141 stepping 1 microcode 0x3c, cx8, cmov, fxsr, ht, mmx, 3dnowpref, sse, sse2, sse3, ssse3, sse4.1, sse4.2, popcnt, lzcnt, tsc, tscinvbit, avx, avx2, aes, erms, clmul, bmi1, bmi2, adx, avx512f, avx512dq, avx512cd, avx512bw, avx512vl, sha, fma, vzeroupper, avx512_vpopcntdq, avx512_vpclmulqdq, avx512_vaes, avx512_vnni, clflush, clflushopt, clwb, avx512_vbmi2, avx512_vbmi, hv, rdtscp, rdpid, fsrm, gfni, avx512_bitalg, f16c, cet_ibt, cet_ss, avx512_ifma
Processor Information for all 16 processors :
  Max Mhz: 2304, Current Mhz: 2304, Mhz Limit: 2304

Memory: 4k page, system-wide physical 7955M (2064M free)
TotalPageFile size 14099M (AvailPageFile size 4539M)
current process WorkingSet (physical memory assigned to process): 395M, peak: 413M
current process commit charge ("private bytes"): 429M, peak: 449M

vm_info: Java HotSpot(TM) 64-Bit Server VM (21.0.2+13-LTS-58) for windows-amd64 JRE (21.0.2+13-LTS-58), built on 2024-01-05T18:32:24Z by "mach5one" with MS VC++ 17.1 (VS2022)

END.
